\BOOKMARK [0][-]{section*.4}{摘 要}{}% 1
\BOOKMARK [0][-]{section*.5}{ABSTRACT}{}% 2
\BOOKMARK [0][-]{chapter.1}{绪论}{}% 3
\BOOKMARK [1][-]{section.1.1}{本文研究背景和意义}{chapter.1}% 4
\BOOKMARK [2][-]{subsection.1.1.1}{无线传感网概述}{section.1.1}% 5
\BOOKMARK [2][-]{subsection.1.1.2}{无线传感网数据交叉认证概述}{section.1.1}% 6
\BOOKMARK [1][-]{section.1.2}{本文研究内容}{chapter.1}% 7
\BOOKMARK [1][-]{section.1.3}{本文组织结构}{chapter.1}% 8
\BOOKMARK [0][-]{chapter.2}{相关研究}{}% 9
\BOOKMARK [1][-]{section.2.1}{（2.1 题目）}{chapter.2}% 10
\BOOKMARK [2][-]{subsection.2.1.1}{（2.1.1 题目）}{section.2.1}% 11
\BOOKMARK [2][-]{subsection.2.1.2}{（2.1.2 题目）}{section.2.1}% 12
\BOOKMARK [1][-]{section.2.2}{（2.2 题目）}{chapter.2}% 13
\BOOKMARK [1][-]{section.2.3}{（2.3 题目）}{chapter.2}% 14
\BOOKMARK [0][-]{chapter.3}{多跳长路径上多节点联合数据认证}{}% 15
\BOOKMARK [1][-]{section.3.1}{（2.1 题目）}{chapter.3}% 16
\BOOKMARK [2][-]{subsection.3.1.1}{（2.1.1 题目）}{section.3.1}% 17
\BOOKMARK [2][-]{subsection.3.1.2}{（2.1.2 题目）}{section.3.1}% 18
\BOOKMARK [1][-]{section.3.2}{（2.2 题目）}{chapter.3}% 19
\BOOKMARK [1][-]{section.3.3}{（2.3 题目）}{chapter.3}% 20
\BOOKMARK [0][-]{chapter.4}{多路径抗密钥失效}{}% 21
\BOOKMARK [1][-]{section.4.1}{（2.1 题目）}{chapter.4}% 22
\BOOKMARK [2][-]{subsection.4.1.1}{（2.1.1 题目）}{section.4.1}% 23
\BOOKMARK [2][-]{subsection.4.1.2}{（2.1.2 题目）}{section.4.1}% 24
\BOOKMARK [1][-]{section.4.2}{（2.2 题目）}{chapter.4}% 25
\BOOKMARK [1][-]{section.4.3}{（2.3 题目）}{chapter.4}% 26
\BOOKMARK [0][-]{chapter.5}{密钥分配方案}{}% 27
\BOOKMARK [1][-]{section.5.1}{（2.1 题目）}{chapter.5}% 28
\BOOKMARK [2][-]{subsection.5.1.1}{（2.1.1 题目）}{section.5.1}% 29
\BOOKMARK [2][-]{subsection.5.1.2}{（2.1.2 题目）}{section.5.1}% 30
\BOOKMARK [1][-]{section.5.2}{（2.2 题目）}{chapter.5}% 31
\BOOKMARK [1][-]{section.5.3}{（2.3 题目）}{chapter.5}% 32
\BOOKMARK [0][-]{chapter.6}{仿真实验与结果分析}{}% 33
\BOOKMARK [1][-]{section.6.1}{（2.1 题目）}{chapter.6}% 34
\BOOKMARK [2][-]{subsection.6.1.1}{（2.1.1 题目）}{section.6.1}% 35
\BOOKMARK [2][-]{subsection.6.1.2}{（2.1.2 题目）}{section.6.1}% 36
\BOOKMARK [1][-]{section.6.2}{（2.2 题目）}{chapter.6}% 37
\BOOKMARK [1][-]{section.6.3}{（2.3 题目）}{chapter.6}% 38
\BOOKMARK [0][-]{chapter.7}{总结与展望}{}% 39
\BOOKMARK [1][-]{section.7.1}{本文总结}{chapter.7}% 40
\BOOKMARK [1][-]{section.7.2}{未来工作于展望}{chapter.7}% 41
\BOOKMARK [0][-]{chapter*.14}{致谢}{}% 42
\BOOKMARK [0][-]{section*.15}{参考文献}{}% 43
\BOOKMARK [0][-]{chapter*.17}{作者在学期间取得的学术成果}{}% 44
\BOOKMARK [0][-]{appendix.A}{模板提供的希腊字母命令列表}{}% 45
